<?xml version="1.0" encoding="UTF-8"?>
<!-- Generated by org.testng.reporters.JUnitReportReporter -->
<testsuite hostname="Admin-PC" name="testPage.ProductPageTest" tests="2" failures="0" timestamp="29 Jun 2021 14:31:06 GMT" time="51.675" errors="0">
  <testcase name="checkTitle" time="22.542" classname="testPage.ProductPageTest"/>
  <testcase name="ClickOnBuy" time="29.133" classname="testPage.ProductPageTest"/>
</testsuite> <!-- testPage.ProductPageTest -->
