<?xml version="1.0" encoding="UTF-8"?>
<!-- Generated by org.testng.reporters.JUnitReportReporter -->
<testsuite hostname="Admin-PC" name="testPage.PaymentPageTest" tests="1" failures="0" timestamp="28 Jun 2021 11:33:24 GMT" time="31.555" errors="0">
  <testcase name="cardSelect" time="31.555" classname="testPage.PaymentPageTest"/>
</testsuite> <!-- testPage.PaymentPageTest -->
