<?xml version="1.0" encoding="UTF-8"?>
<!-- Generated by org.testng.reporters.JUnitReportReporter -->
<testsuite hostname="Admin-PC" name="testPage.LoginPageTest" tests="1" failures="0" timestamp="29 Jun 2021 14:31:06 GMT" time="14.254" errors="0">
  <testcase name="loginTest" time="14.254" classname="testPage.LoginPageTest"/>
</testsuite> <!-- testPage.LoginPageTest -->
