<?xml version="1.0" encoding="UTF-8"?>
<!-- Generated by org.testng.reporters.JUnitReportReporter -->
<testsuite hostname="Admin-PC" name="testPage.CreditCardTest" tests="2" failures="0" timestamp="29 Jun 2021 14:31:06 GMT" time="82.665" errors="0">
  <testcase name="EnterCardAndverifyErrorMessage" time="40.538" classname="testPage.CreditCardTest"/>
  <testcase name="tile" time="42.127" classname="testPage.CreditCardTest"/>
</testsuite> <!-- testPage.CreditCardTest -->
