<?xml version="1.0" encoding="UTF-8"?>
<!-- Generated by org.testng.reporters.JUnitReportReporter -->
<testsuite hostname="Admin-PC" name="testPage.PaymentPageTest" tests="2" failures="0" timestamp="29 Jun 2021 14:31:06 GMT" time="74.209" errors="0">
  <testcase name="paymentTitle" time="27.931" classname="testPage.PaymentPageTest"/>
  <testcase name="cardSelect" time="46.278" classname="testPage.PaymentPageTest"/>
</testsuite> <!-- testPage.PaymentPageTest -->
