<?xml version="1.0" encoding="UTF-8"?>
<!-- Generated by org.testng.reporters.JUnitReportReporter -->
<testsuite hostname="Admin-PC" name="testPage.SearchPageTest" tests="2" failures="0" timestamp="29 Jun 2021 14:31:06 GMT" time="37.432" errors="0">
  <testcase name="siginCheck" time="16.371" classname="testPage.SearchPageTest"/>
  <testcase name="productClick" time="21.061" classname="testPage.SearchPageTest"/>
</testsuite> <!-- testPage.SearchPageTest -->
