<?xml version="1.0" encoding="UTF-8"?>
<!-- Generated by org.testng.reporters.JUnitReportReporter -->
<testsuite hostname="Admin-PC" name="testPage.HomePageTest" tests="2" failures="0" timestamp="29 Jun 2021 14:31:06 GMT" time="16.328" errors="0">
  <testcase name="loginTest" time="9.586" classname="testPage.HomePageTest"/>
  <testcase name="veriftTitle" time="6.742" classname="testPage.HomePageTest"/>
</testsuite> <!-- testPage.HomePageTest -->
