<?xml version="1.0" encoding="UTF-8"?>
<!-- Generated by org.testng.reporters.JUnitReportReporter -->
<testsuite hostname="Admin-PC" name="testPage.LoginPageTest" tests="1" failures="0" timestamp="28 Jun 2021 07:07:14 GMT" time="45.354" errors="0">
  <testcase name="loginTest" time="45.354" classname="testPage.LoginPageTest"/>
</testsuite> <!-- testPage.LoginPageTest -->
