<?xml version="1.0" encoding="UTF-8"?>
<!-- Generated by org.testng.reporters.JUnitReportReporter -->
<testsuite hostname="Admin-PC" name="testPage.SearchPageTest" tests="2" failures="0" timestamp="25 Jun 2021 13:46:58 GMT" time="60.234" errors="0">
  <testcase name="siginCheck" time="18.991" classname="testPage.SearchPageTest"/>
  <testcase name="productClick" time="41.243" classname="testPage.SearchPageTest"/>
</testsuite> <!-- testPage.SearchPageTest -->
